[2019-11-24 12:09:27,173] INFO [GroupMetadataManager brokerId=1] Removed 0 expired offsets in 5 milliseconds. (kafka.coordinator.group.GroupMetadataManager)
[2019-11-24 12:19:27,171] INFO [GroupMetadataManager brokerId=1] Removed 0 expired offsets in 2 milliseconds. (kafka.coordinator.group.GroupMetadataManager)
[2019-11-24 12:29:27,175] INFO [GroupMetadataManager brokerId=1] Removed 0 expired offsets in 1 milliseconds. (kafka.coordinator.group.GroupMetadataManager)
[2019-11-24 12:39:27,177] INFO [GroupMetadataManager brokerId=1] Removed 0 expired offsets in 1 milliseconds. (kafka.coordinator.group.GroupMetadataManager)
[2019-11-24 12:49:27,181] INFO [GroupMetadataManager brokerId=1] Removed 0 expired offsets in 1 milliseconds. (kafka.coordinator.group.GroupMetadataManager)
[2019-11-24 12:49:44,209] INFO [GroupCoordinator 1]: Member consumer-2-7d737118-ed45-4232-81c0-01b63991a0cd in group coordinator has left, removing it from the group (kafka.coordinator.group.GroupCoordinator)
[2019-11-24 12:49:44,214] INFO [GroupCoordinator 1]: Preparing to rebalance group coordinator in state PreparingRebalance with old generation 44 (__consumer_offsets-20) (reason: removing member consumer-2-7d737118-ed45-4232-81c0-01b63991a0cd on LeaveGroup) (kafka.coordinator.group.GroupCoordinator)
[2019-11-24 12:49:46,723] INFO [GroupCoordinator 1]: Stabilized group coordinator generation 45 (__consumer_offsets-20) (kafka.coordinator.group.GroupCoordinator)
[2019-11-24 12:49:46,728] INFO [GroupCoordinator 1]: Assignment received from leader for group coordinator for generation 45 (kafka.coordinator.group.GroupCoordinator)
[2019-11-24 12:49:48,091] INFO [GroupCoordinator 1]: Member consumer-4-7e231f22-a837-4d1c-96cf-05681b8b2be1 in group /Users/diesel/Desktop/node2 has left, removing it from the group (kafka.coordinator.group.GroupCoordinator)
[2019-11-24 12:49:48,092] INFO [GroupCoordinator 1]: Preparing to rebalance group /Users/diesel/Desktop/node2 in state PreparingRebalance with old generation 6 (__consumer_offsets-4) (reason: removing member consumer-4-7e231f22-a837-4d1c-96cf-05681b8b2be1 on LeaveGroup) (kafka.coordinator.group.GroupCoordinator)
[2019-11-24 12:49:48,093] INFO [GroupCoordinator 1]: Member consumer-2-01db7c01-6ca1-4066-92ca-72f04c1f7671 in group coordinator has left, removing it from the group (kafka.coordinator.group.GroupCoordinator)
[2019-11-24 12:49:48,093] INFO [GroupCoordinator 1]: Preparing to rebalance group coordinator in state PreparingRebalance with old generation 45 (__consumer_offsets-20) (reason: removing member consumer-2-01db7c01-6ca1-4066-92ca-72f04c1f7671 on LeaveGroup) (kafka.coordinator.group.GroupCoordinator)
[2019-11-24 12:49:48,094] INFO [GroupCoordinator 1]: Group /Users/diesel/Desktop/node2 with generation 7 is now empty (__consumer_offsets-4) (kafka.coordinator.group.GroupCoordinator)
[2019-11-24 12:49:48,529] INFO [GroupCoordinator 1]: Member consumer-2-03a00993-897e-4d73-824b-a6dedbc7b84d in group coordinator has left, removing it from the group (kafka.coordinator.group.GroupCoordinator)
[2019-11-24 12:49:48,529] INFO [GroupCoordinator 1]: Group coordinator with generation 46 is now empty (__consumer_offsets-20) (kafka.coordinator.group.GroupCoordinator)
[2019-11-24 12:50:38,667] INFO [GroupCoordinator 1]: Preparing to rebalance group coordinator in state PreparingRebalance with old generation 46 (__consumer_offsets-20) (reason: Adding new member consumer-2-49235c6b-5cb4-4498-97b8-7b172eeb7bbf with group instanceid None) (kafka.coordinator.group.GroupCoordinator)
[2019-11-24 12:50:38,684] INFO [GroupCoordinator 1]: Stabilized group coordinator generation 47 (__consumer_offsets-20) (kafka.coordinator.group.GroupCoordinator)
[2019-11-24 12:50:38,703] INFO [GroupCoordinator 1]: Assignment received from leader for group coordinator for generation 47 (kafka.coordinator.group.GroupCoordinator)
[2019-11-24 12:50:44,918] INFO [GroupCoordinator 1]: Preparing to rebalance group coordinator in state PreparingRebalance with old generation 47 (__consumer_offsets-20) (reason: Adding new member consumer-2-64e4741f-b448-42ce-a642-9e082a218839 with group instanceid None) (kafka.coordinator.group.GroupCoordinator)
[2019-11-24 12:50:47,851] INFO [GroupCoordinator 1]: Stabilized group coordinator generation 48 (__consumer_offsets-20) (kafka.coordinator.group.GroupCoordinator)
[2019-11-24 12:50:47,853] INFO [GroupCoordinator 1]: Assignment received from leader for group coordinator for generation 48 (kafka.coordinator.group.GroupCoordinator)
[2019-11-24 12:55:35,119] INFO [GroupCoordinator 1]: Member consumer-2-49235c6b-5cb4-4498-97b8-7b172eeb7bbf in group coordinator has failed, removing it from the group (kafka.coordinator.group.GroupCoordinator)
[2019-11-24 12:55:35,125] INFO [GroupCoordinator 1]: Preparing to rebalance group coordinator in state PreparingRebalance with old generation 48 (__consumer_offsets-20) (reason: removing member consumer-2-49235c6b-5cb4-4498-97b8-7b172eeb7bbf on heartbeat expiration) (kafka.coordinator.group.GroupCoordinator)
[2019-11-24 12:55:36,115] INFO [GroupCoordinator 1]: Stabilized group coordinator generation 49 (__consumer_offsets-20) (kafka.coordinator.group.GroupCoordinator)
[2019-11-24 12:55:36,122] INFO [GroupCoordinator 1]: Assignment received from leader for group coordinator for generation 49 (kafka.coordinator.group.GroupCoordinator)
[2019-11-24 12:55:49,419] INFO [GroupCoordinator 1]: Member consumer-2-54bb4a94-8b5e-4a5c-9468-6dc350fec8ad in group coordinator has failed, removing it from the group (kafka.coordinator.group.GroupCoordinator)
[2019-11-24 12:55:49,421] INFO [GroupCoordinator 1]: Preparing to rebalance group coordinator in state PreparingRebalance with old generation 49 (__consumer_offsets-20) (reason: removing member consumer-2-54bb4a94-8b5e-4a5c-9468-6dc350fec8ad on heartbeat expiration) (kafka.coordinator.group.GroupCoordinator)
[2019-11-24 12:55:51,139] INFO [GroupCoordinator 1]: Stabilized group coordinator generation 50 (__consumer_offsets-20) (kafka.coordinator.group.GroupCoordinator)
[2019-11-24 12:55:51,140] INFO [GroupCoordinator 1]: Assignment received from leader for group coordinator for generation 50 (kafka.coordinator.group.GroupCoordinator)
[2019-11-24 12:56:01,142] INFO [GroupCoordinator 1]: Member consumer-2-64e4741f-b448-42ce-a642-9e082a218839 in group coordinator has failed, removing it from the group (kafka.coordinator.group.GroupCoordinator)
[2019-11-24 12:56:01,143] INFO [GroupCoordinator 1]: Preparing to rebalance group coordinator in state PreparingRebalance with old generation 50 (__consumer_offsets-20) (reason: removing member consumer-2-64e4741f-b448-42ce-a642-9e082a218839 on heartbeat expiration) (kafka.coordinator.group.GroupCoordinator)
[2019-11-24 12:56:01,143] INFO [GroupCoordinator 1]: Group coordinator with generation 51 is now empty (__consumer_offsets-20) (kafka.coordinator.group.GroupCoordinator)
