[2019-11-24 07:41:58,304] TRACE [Broker id=0] Received LeaderAndIsr request PartitionState(controllerEpoch=10, leader=0, leaderEpoch=10, isr=0, zkVersion=10, replicas=0, isNew=false) correlation id 1 from controller 1 epoch 11 for partition __consumer_offsets-15 (state.change.logger)
[2019-11-24 07:41:58,306] TRACE [Broker id=0] Received LeaderAndIsr request PartitionState(controllerEpoch=10, leader=0, leaderEpoch=10, isr=0, zkVersion=10, replicas=0, isNew=false) correlation id 1 from controller 1 epoch 11 for partition __consumer_offsets-13 (state.change.logger)
[2019-11-24 07:41:58,306] TRACE [Broker id=0] Received LeaderAndIsr request PartitionState(controllerEpoch=10, leader=0, leaderEpoch=10, isr=0, zkVersion=10, replicas=0, isNew=false) correlation id 1 from controller 1 epoch 11 for partition __consumer_offsets-11 (state.change.logger)
[2019-11-24 07:41:58,306] TRACE [Broker id=0] Received LeaderAndIsr request PartitionState(controllerEpoch=10, leader=0, leaderEpoch=10, isr=0, zkVersion=10, replicas=0, isNew=false) correlation id 1 from controller 1 epoch 11 for partition __consumer_offsets-9 (state.change.logger)
[2019-11-24 07:41:58,306] TRACE [Broker id=0] Received LeaderAndIsr request PartitionState(controllerEpoch=10, leader=0, leaderEpoch=10, isr=0, zkVersion=10, replicas=0, isNew=false) correlation id 1 from controller 1 epoch 11 for partition __consumer_offsets-23 (state.change.logger)
[2019-11-24 07:41:58,307] TRACE [Broker id=0] Received LeaderAndIsr request PartitionState(controllerEpoch=10, leader=0, leaderEpoch=10, isr=0, zkVersion=10, replicas=0, isNew=false) correlation id 1 from controller 1 epoch 11 for partition __consumer_offsets-21 (state.change.logger)
[2019-11-24 07:41:58,307] TRACE [Broker id=0] Received LeaderAndIsr request PartitionState(controllerEpoch=10, leader=0, leaderEpoch=10, isr=0, zkVersion=10, replicas=0, isNew=false) correlation id 1 from controller 1 epoch 11 for partition __consumer_offsets-19 (state.change.logger)
[2019-11-24 07:41:58,307] TRACE [Broker id=0] Received LeaderAndIsr request PartitionState(controllerEpoch=10, leader=0, leaderEpoch=10, isr=0, zkVersion=10, replicas=0, isNew=false) correlation id 1 from controller 1 epoch 11 for partition __consumer_offsets-17 (state.change.logger)
[2019-11-24 07:41:58,307] TRACE [Broker id=0] Received LeaderAndIsr request PartitionState(controllerEpoch=10, leader=0, leaderEpoch=10, isr=0, zkVersion=10, replicas=0, isNew=false) correlation id 1 from controller 1 epoch 11 for partition savedata-0 (state.change.logger)
[2019-11-24 07:41:58,307] TRACE [Broker id=0] Received LeaderAndIsr request PartitionState(controllerEpoch=10, leader=0, leaderEpoch=10, isr=0, zkVersion=10, replicas=0, isNew=false) correlation id 1 from controller 1 epoch 11 for partition __consumer_offsets-7 (state.change.logger)
[2019-11-24 07:41:58,307] TRACE [Broker id=0] Received LeaderAndIsr request PartitionState(controllerEpoch=10, leader=0, leaderEpoch=10, isr=0, zkVersion=10, replicas=0, isNew=false) correlation id 1 from controller 1 epoch 11 for partition __consumer_offsets-5 (state.change.logger)
[2019-11-24 07:41:58,307] TRACE [Broker id=0] Received LeaderAndIsr request PartitionState(controllerEpoch=10, leader=0, leaderEpoch=10, isr=0, zkVersion=10, replicas=0, isNew=false) correlation id 1 from controller 1 epoch 11 for partition __consumer_offsets-3 (state.change.logger)
[2019-11-24 07:41:58,307] TRACE [Broker id=0] Received LeaderAndIsr request PartitionState(controllerEpoch=10, leader=0, leaderEpoch=10, isr=0, zkVersion=10, replicas=0, isNew=false) correlation id 1 from controller 1 epoch 11 for partition __consumer_offsets-1 (state.change.logger)
[2019-11-24 07:41:58,307] TRACE [Broker id=0] Received LeaderAndIsr request PartitionState(controllerEpoch=10, leader=0, leaderEpoch=10, isr=0, zkVersion=10, replicas=0, isNew=false) correlation id 1 from controller 1 epoch 11 for partition __consumer_offsets-47 (state.change.logger)
[2019-11-24 07:41:58,307] TRACE [Broker id=0] Received LeaderAndIsr request PartitionState(controllerEpoch=10, leader=0, leaderEpoch=10, isr=0, zkVersion=10, replicas=0, isNew=false) correlation id 1 from controller 1 epoch 11 for partition __consumer_offsets-45 (state.change.logger)
[2019-11-24 07:41:58,307] TRACE [Broker id=0] Received LeaderAndIsr request PartitionState(controllerEpoch=10, leader=0, leaderEpoch=10, isr=0, zkVersion=10, replicas=0, isNew=false) correlation id 1 from controller 1 epoch 11 for partition __consumer_offsets-43 (state.change.logger)
[2019-11-24 07:41:58,307] TRACE [Broker id=0] Received LeaderAndIsr request PartitionState(controllerEpoch=10, leader=0, leaderEpoch=10, isr=0, zkVersion=10, replicas=0, isNew=false) correlation id 1 from controller 1 epoch 11 for partition __consumer_offsets-41 (state.change.logger)
[2019-11-24 07:41:58,308] TRACE [Broker id=0] Received LeaderAndIsr request PartitionState(controllerEpoch=10, leader=0, leaderEpoch=10, isr=0, zkVersion=10, replicas=0, isNew=false) correlation id 1 from controller 1 epoch 11 for partition __consumer_offsets-49 (state.change.logger)
[2019-11-24 07:41:58,308] TRACE [Broker id=0] Received LeaderAndIsr request PartitionState(controllerEpoch=10, leader=0, leaderEpoch=10, isr=0, zkVersion=10, replicas=0, isNew=false) correlation id 1 from controller 1 epoch 11 for partition __consumer_offsets-31 (state.change.logger)
[2019-11-24 07:41:58,308] TRACE [Broker id=0] Received LeaderAndIsr request PartitionState(controllerEpoch=10, leader=0, leaderEpoch=10, isr=0, zkVersion=10, replicas=0, isNew=false) correlation id 1 from controller 1 epoch 11 for partition __consumer_offsets-29 (state.change.logger)
[2019-11-24 07:41:58,308] TRACE [Broker id=0] Received LeaderAndIsr request PartitionState(controllerEpoch=10, leader=0, leaderEpoch=10, isr=0, zkVersion=10, replicas=0, isNew=false) correlation id 1 from controller 1 epoch 11 for partition __consumer_offsets-27 (state.change.logger)
[2019-11-24 07:41:58,308] TRACE [Broker id=0] Received LeaderAndIsr request PartitionState(controllerEpoch=10, leader=0, leaderEpoch=10, isr=0, zkVersion=10, replicas=0, isNew=false) correlation id 1 from controller 1 epoch 11 for partition __consumer_offsets-25 (state.change.logger)
[2019-11-24 07:41:58,308] TRACE [Broker id=0] Received LeaderAndIsr request PartitionState(controllerEpoch=10, leader=0, leaderEpoch=10, isr=0, zkVersion=10, replicas=0, isNew=false) correlation id 1 from controller 1 epoch 11 for partition __consumer_offsets-39 (state.change.logger)
[2019-11-24 07:41:58,308] TRACE [Broker id=0] Received LeaderAndIsr request PartitionState(controllerEpoch=10, leader=0, leaderEpoch=10, isr=0, zkVersion=10, replicas=0, isNew=false) correlation id 1 from controller 1 epoch 11 for partition __consumer_offsets-37 (state.change.logger)
[2019-11-24 07:41:58,308] TRACE [Broker id=0] Received LeaderAndIsr request PartitionState(controllerEpoch=10, leader=0, leaderEpoch=10, isr=0, zkVersion=10, replicas=0, isNew=false) correlation id 1 from controller 1 epoch 11 for partition __consumer_offsets-35 (state.change.logger)
[2019-11-24 07:41:58,308] TRACE [Broker id=0] Received LeaderAndIsr request PartitionState(controllerEpoch=10, leader=0, leaderEpoch=10, isr=0, zkVersion=10, replicas=0, isNew=false) correlation id 1 from controller 1 epoch 11 for partition __consumer_offsets-33 (state.change.logger)
[2019-11-24 07:41:58,312] DEBUG [Broker id=0] Ignoring LeaderAndIsr request from controller 1 with correlation id 1 epoch 11 for partition __consumer_offsets-15 since its associated leader epoch 10 matches the current leader epoch (state.change.logger)
[2019-11-24 07:41:58,312] DEBUG [Broker id=0] Ignoring LeaderAndIsr request from controller 1 with correlation id 1 epoch 11 for partition __consumer_offsets-13 since its associated leader epoch 10 matches the current leader epoch (state.change.logger)
[2019-11-24 07:41:58,312] DEBUG [Broker id=0] Ignoring LeaderAndIsr request from controller 1 with correlation id 1 epoch 11 for partition __consumer_offsets-11 since its associated leader epoch 10 matches the current leader epoch (state.change.logger)
[2019-11-24 07:41:58,312] DEBUG [Broker id=0] Ignoring LeaderAndIsr request from controller 1 with correlation id 1 epoch 11 for partition __consumer_offsets-9 since its associated leader epoch 10 matches the current leader epoch (state.change.logger)
[2019-11-24 07:41:58,312] DEBUG [Broker id=0] Ignoring LeaderAndIsr request from controller 1 with correlation id 1 epoch 11 for partition __consumer_offsets-23 since its associated leader epoch 10 matches the current leader epoch (state.change.logger)
[2019-11-24 07:41:58,313] DEBUG [Broker id=0] Ignoring LeaderAndIsr request from controller 1 with correlation id 1 epoch 11 for partition __consumer_offsets-21 since its associated leader epoch 10 matches the current leader epoch (state.change.logger)
[2019-11-24 07:41:58,313] DEBUG [Broker id=0] Ignoring LeaderAndIsr request from controller 1 with correlation id 1 epoch 11 for partition __consumer_offsets-19 since its associated leader epoch 10 matches the current leader epoch (state.change.logger)
[2019-11-24 07:41:58,313] DEBUG [Broker id=0] Ignoring LeaderAndIsr request from controller 1 with correlation id 1 epoch 11 for partition __consumer_offsets-17 since its associated leader epoch 10 matches the current leader epoch (state.change.logger)
[2019-11-24 07:41:58,313] DEBUG [Broker id=0] Ignoring LeaderAndIsr request from controller 1 with correlation id 1 epoch 11 for partition savedata-0 since its associated leader epoch 10 matches the current leader epoch (state.change.logger)
[2019-11-24 07:41:58,313] DEBUG [Broker id=0] Ignoring LeaderAndIsr request from controller 1 with correlation id 1 epoch 11 for partition __consumer_offsets-7 since its associated leader epoch 10 matches the current leader epoch (state.change.logger)
[2019-11-24 07:41:58,313] DEBUG [Broker id=0] Ignoring LeaderAndIsr request from controller 1 with correlation id 1 epoch 11 for partition __consumer_offsets-5 since its associated leader epoch 10 matches the current leader epoch (state.change.logger)
[2019-11-24 07:41:58,313] DEBUG [Broker id=0] Ignoring LeaderAndIsr request from controller 1 with correlation id 1 epoch 11 for partition __consumer_offsets-3 since its associated leader epoch 10 matches the current leader epoch (state.change.logger)
[2019-11-24 07:41:58,313] DEBUG [Broker id=0] Ignoring LeaderAndIsr request from controller 1 with correlation id 1 epoch 11 for partition __consumer_offsets-1 since its associated leader epoch 10 matches the current leader epoch (state.change.logger)
[2019-11-24 07:41:58,313] DEBUG [Broker id=0] Ignoring LeaderAndIsr request from controller 1 with correlation id 1 epoch 11 for partition __consumer_offsets-47 since its associated leader epoch 10 matches the current leader epoch (state.change.logger)
[2019-11-24 07:41:58,313] DEBUG [Broker id=0] Ignoring LeaderAndIsr request from controller 1 with correlation id 1 epoch 11 for partition __consumer_offsets-45 since its associated leader epoch 10 matches the current leader epoch (state.change.logger)
[2019-11-24 07:41:58,313] DEBUG [Broker id=0] Ignoring LeaderAndIsr request from controller 1 with correlation id 1 epoch 11 for partition __consumer_offsets-43 since its associated leader epoch 10 matches the current leader epoch (state.change.logger)
[2019-11-24 07:41:58,313] DEBUG [Broker id=0] Ignoring LeaderAndIsr request from controller 1 with correlation id 1 epoch 11 for partition __consumer_offsets-41 since its associated leader epoch 10 matches the current leader epoch (state.change.logger)
[2019-11-24 07:41:58,313] DEBUG [Broker id=0] Ignoring LeaderAndIsr request from controller 1 with correlation id 1 epoch 11 for partition __consumer_offsets-49 since its associated leader epoch 10 matches the current leader epoch (state.change.logger)
[2019-11-24 07:41:58,313] DEBUG [Broker id=0] Ignoring LeaderAndIsr request from controller 1 with correlation id 1 epoch 11 for partition __consumer_offsets-31 since its associated leader epoch 10 matches the current leader epoch (state.change.logger)
[2019-11-24 07:41:58,313] DEBUG [Broker id=0] Ignoring LeaderAndIsr request from controller 1 with correlation id 1 epoch 11 for partition __consumer_offsets-29 since its associated leader epoch 10 matches the current leader epoch (state.change.logger)
[2019-11-24 07:41:58,314] DEBUG [Broker id=0] Ignoring LeaderAndIsr request from controller 1 with correlation id 1 epoch 11 for partition __consumer_offsets-27 since its associated leader epoch 10 matches the current leader epoch (state.change.logger)
[2019-11-24 07:41:58,314] DEBUG [Broker id=0] Ignoring LeaderAndIsr request from controller 1 with correlation id 1 epoch 11 for partition __consumer_offsets-25 since its associated leader epoch 10 matches the current leader epoch (state.change.logger)
[2019-11-24 07:41:58,314] DEBUG [Broker id=0] Ignoring LeaderAndIsr request from controller 1 with correlation id 1 epoch 11 for partition __consumer_offsets-39 since its associated leader epoch 10 matches the current leader epoch (state.change.logger)
[2019-11-24 07:41:58,314] DEBUG [Broker id=0] Ignoring LeaderAndIsr request from controller 1 with correlation id 1 epoch 11 for partition __consumer_offsets-37 since its associated leader epoch 10 matches the current leader epoch (state.change.logger)
[2019-11-24 07:41:58,314] DEBUG [Broker id=0] Ignoring LeaderAndIsr request from controller 1 with correlation id 1 epoch 11 for partition __consumer_offsets-35 since its associated leader epoch 10 matches the current leader epoch (state.change.logger)
[2019-11-24 07:41:58,314] DEBUG [Broker id=0] Ignoring LeaderAndIsr request from controller 1 with correlation id 1 epoch 11 for partition __consumer_offsets-33 since its associated leader epoch 10 matches the current leader epoch (state.change.logger)
[2019-11-24 07:41:58,378] TRACE [Broker id=0] Cached leader info PartitionState(controllerEpoch=10, leader=0, leaderEpoch=10, isr=[0], zkVersion=10, replicas=[0], offlineReplicas=[]) for partition __consumer_offsets-13 in response to UpdateMetadata request sent by controller 1 epoch 11 with correlation id 2 (state.change.logger)
[2019-11-24 07:41:58,380] TRACE [Broker id=0] Cached leader info PartitionState(controllerEpoch=5, leader=1, leaderEpoch=2, isr=[1], zkVersion=2, replicas=[1], offlineReplicas=[]) for partition __consumer_offsets-46 in response to UpdateMetadata request sent by controller 1 epoch 11 with correlation id 2 (state.change.logger)
[2019-11-24 07:41:58,380] TRACE [Broker id=0] Cached leader info PartitionState(controllerEpoch=10, leader=0, leaderEpoch=10, isr=[0], zkVersion=10, replicas=[0], offlineReplicas=[]) for partition __consumer_offsets-9 in response to UpdateMetadata request sent by controller 1 epoch 11 with correlation id 2 (state.change.logger)
[2019-11-24 07:41:58,380] TRACE [Broker id=0] Cached leader info PartitionState(controllerEpoch=5, leader=1, leaderEpoch=2, isr=[1], zkVersion=2, replicas=[1], offlineReplicas=[]) for partition __consumer_offsets-42 in response to UpdateMetadata request sent by controller 1 epoch 11 with correlation id 2 (state.change.logger)
[2019-11-24 07:41:58,380] TRACE [Broker id=0] Cached leader info PartitionState(controllerEpoch=10, leader=0, leaderEpoch=10, isr=[0], zkVersion=10, replicas=[0], offlineReplicas=[]) for partition __consumer_offsets-21 in response to UpdateMetadata request sent by controller 1 epoch 11 with correlation id 2 (state.change.logger)
[2019-11-24 07:41:58,380] TRACE [Broker id=0] Cached leader info PartitionState(controllerEpoch=10, leader=0, leaderEpoch=10, isr=[0], zkVersion=10, replicas=[0], offlineReplicas=[]) for partition __consumer_offsets-17 in response to UpdateMetadata request sent by controller 1 epoch 11 with correlation id 2 (state.change.logger)
[2019-11-24 07:41:58,380] TRACE [Broker id=0] Cached leader info PartitionState(controllerEpoch=5, leader=1, leaderEpoch=2, isr=[1], zkVersion=2, replicas=[1], offlineReplicas=[]) for partition __consumer_offsets-30 in response to UpdateMetadata request sent by controller 1 epoch 11 with correlation id 2 (state.change.logger)
[2019-11-24 07:41:58,380] TRACE [Broker id=0] Cached leader info PartitionState(controllerEpoch=10, leader=0, leaderEpoch=10, isr=[0], zkVersion=10, replicas=[0], offlineReplicas=[]) for partition savedata-0 in response to UpdateMetadata request sent by controller 1 epoch 11 with correlation id 2 (state.change.logger)
[2019-11-24 07:41:58,380] TRACE [Broker id=0] Cached leader info PartitionState(controllerEpoch=5, leader=1, leaderEpoch=2, isr=[1], zkVersion=2, replicas=[1], offlineReplicas=[]) for partition __consumer_offsets-26 in response to UpdateMetadata request sent by controller 1 epoch 11 with correlation id 2 (state.change.logger)
[2019-11-24 07:41:58,381] TRACE [Broker id=0] Cached leader info PartitionState(controllerEpoch=10, leader=0, leaderEpoch=10, isr=[0], zkVersion=10, replicas=[0], offlineReplicas=[]) for partition __consumer_offsets-5 in response to UpdateMetadata request sent by controller 1 epoch 11 with correlation id 2 (state.change.logger)
[2019-11-24 07:41:58,381] TRACE [Broker id=0] Cached leader info PartitionState(controllerEpoch=5, leader=1, leaderEpoch=2, isr=[1], zkVersion=2, replicas=[1], offlineReplicas=[]) for partition __consumer_offsets-38 in response to UpdateMetadata request sent by controller 1 epoch 11 with correlation id 2 (state.change.logger)
[2019-11-24 07:41:58,381] TRACE [Broker id=0] Cached leader info PartitionState(controllerEpoch=10, leader=0, leaderEpoch=10, isr=[0], zkVersion=10, replicas=[0], offlineReplicas=[]) for partition __consumer_offsets-1 in response to UpdateMetadata request sent by controller 1 epoch 11 with correlation id 2 (state.change.logger)
[2019-11-24 07:41:58,381] TRACE [Broker id=0] Cached leader info PartitionState(controllerEpoch=5, leader=1, leaderEpoch=2, isr=[1], zkVersion=2, replicas=[1], offlineReplicas=[]) for partition __consumer_offsets-34 in response to UpdateMetadata request sent by controller 1 epoch 11 with correlation id 2 (state.change.logger)
[2019-11-24 07:41:58,381] TRACE [Broker id=0] Cached leader info PartitionState(controllerEpoch=5, leader=1, leaderEpoch=2, isr=[1], zkVersion=2, replicas=[1], offlineReplicas=[]) for partition __consumer_offsets-16 in response to UpdateMetadata request sent by controller 1 epoch 11 with correlation id 2 (state.change.logger)
[2019-11-24 07:41:58,381] TRACE [Broker id=0] Cached leader info PartitionState(controllerEpoch=10, leader=0, leaderEpoch=10, isr=[0], zkVersion=10, replicas=[0], offlineReplicas=[]) for partition __consumer_offsets-45 in response to UpdateMetadata request sent by controller 1 epoch 11 with correlation id 2 (state.change.logger)
[2019-11-24 07:41:58,381] TRACE [Broker id=0] Cached leader info PartitionState(controllerEpoch=5, leader=1, leaderEpoch=2, isr=[1], zkVersion=2, replicas=[1], offlineReplicas=[]) for partition __consumer_offsets-12 in response to UpdateMetadata request sent by controller 1 epoch 11 with correlation id 2 (state.change.logger)
[2019-11-24 07:41:58,381] TRACE [Broker id=0] Cached leader info PartitionState(controllerEpoch=10, leader=0, leaderEpoch=10, isr=[0], zkVersion=10, replicas=[0], offlineReplicas=[]) for partition __consumer_offsets-41 in response to UpdateMetadata request sent by controller 1 epoch 11 with correlation id 2 (state.change.logger)
[2019-11-24 07:41:58,381] TRACE [Broker id=0] Cached leader info PartitionState(controllerEpoch=5, leader=1, leaderEpoch=2, isr=[1], zkVersion=2, replicas=[1], offlineReplicas=[]) for partition __consumer_offsets-24 in response to UpdateMetadata request sent by controller 1 epoch 11 with correlation id 2 (state.change.logger)
[2019-11-24 07:41:58,381] TRACE [Broker id=0] Cached leader info PartitionState(controllerEpoch=5, leader=1, leaderEpoch=2, isr=[1], zkVersion=2, replicas=[1], offlineReplicas=[]) for partition sapy-0 in response to UpdateMetadata request sent by controller 1 epoch 11 with correlation id 2 (state.change.logger)
[2019-11-24 07:41:58,381] TRACE [Broker id=0] Cached leader info PartitionState(controllerEpoch=5, leader=1, leaderEpoch=2, isr=[1], zkVersion=2, replicas=[1], offlineReplicas=[]) for partition __consumer_offsets-20 in response to UpdateMetadata request sent by controller 1 epoch 11 with correlation id 2 (state.change.logger)
[2019-11-24 07:41:58,381] TRACE [Broker id=0] Cached leader info PartitionState(controllerEpoch=10, leader=0, leaderEpoch=10, isr=[0], zkVersion=10, replicas=[0], offlineReplicas=[]) for partition __consumer_offsets-49 in response to UpdateMetadata request sent by controller 1 epoch 11 with correlation id 2 (state.change.logger)
[2019-11-24 07:41:58,382] TRACE [Broker id=0] Cached leader info PartitionState(controllerEpoch=5, leader=1, leaderEpoch=2, isr=[1], zkVersion=2, replicas=[1], offlineReplicas=[]) for partition __consumer_offsets-0 in response to UpdateMetadata request sent by controller 1 epoch 11 with correlation id 2 (state.change.logger)
[2019-11-24 07:41:58,382] TRACE [Broker id=0] Cached leader info PartitionState(controllerEpoch=10, leader=0, leaderEpoch=10, isr=[0], zkVersion=10, replicas=[0], offlineReplicas=[]) for partition __consumer_offsets-29 in response to UpdateMetadata request sent by controller 1 epoch 11 with correlation id 2 (state.change.logger)
[2019-11-24 07:41:58,382] TRACE [Broker id=0] Cached leader info PartitionState(controllerEpoch=10, leader=0, leaderEpoch=10, isr=[0], zkVersion=10, replicas=[0], offlineReplicas=[]) for partition __consumer_offsets-25 in response to UpdateMetadata request sent by controller 1 epoch 11 with correlation id 2 (state.change.logger)
[2019-11-24 07:41:58,383] TRACE [Broker id=0] Cached leader info PartitionState(controllerEpoch=5, leader=1, leaderEpoch=2, isr=[1], zkVersion=2, replicas=[1], offlineReplicas=[]) for partition __consumer_offsets-8 in response to UpdateMetadata request sent by controller 1 epoch 11 with correlation id 2 (state.change.logger)
[2019-11-24 07:41:58,383] TRACE [Broker id=0] Cached leader info PartitionState(controllerEpoch=10, leader=0, leaderEpoch=10, isr=[0], zkVersion=10, replicas=[0], offlineReplicas=[]) for partition __consumer_offsets-37 in response to UpdateMetadata request sent by controller 1 epoch 11 with correlation id 2 (state.change.logger)
[2019-11-24 07:41:58,383] TRACE [Broker id=0] Cached leader info PartitionState(controllerEpoch=5, leader=1, leaderEpoch=2, isr=[1], zkVersion=2, replicas=[1], offlineReplicas=[]) for partition __consumer_offsets-4 in response to UpdateMetadata request sent by controller 1 epoch 11 with correlation id 2 (state.change.logger)
[2019-11-24 07:41:58,383] TRACE [Broker id=0] Cached leader info PartitionState(controllerEpoch=10, leader=0, leaderEpoch=10, isr=[0], zkVersion=10, replicas=[0], offlineReplicas=[]) for partition __consumer_offsets-33 in response to UpdateMetadata request sent by controller 1 epoch 11 with correlation id 2 (state.change.logger)
[2019-11-24 07:41:58,383] TRACE [Broker id=0] Cached leader info PartitionState(controllerEpoch=10, leader=0, leaderEpoch=10, isr=[0], zkVersion=10, replicas=[0], offlineReplicas=[]) for partition __consumer_offsets-15 in response to UpdateMetadata request sent by controller 1 epoch 11 with correlation id 2 (state.change.logger)
[2019-11-24 07:41:58,383] TRACE [Broker id=0] Cached leader info PartitionState(controllerEpoch=5, leader=1, leaderEpoch=2, isr=[1], zkVersion=2, replicas=[1], offlineReplicas=[]) for partition __consumer_offsets-48 in response to UpdateMetadata request sent by controller 1 epoch 11 with correlation id 2 (state.change.logger)
[2019-11-24 07:41:58,383] TRACE [Broker id=0] Cached leader info PartitionState(controllerEpoch=10, leader=0, leaderEpoch=10, isr=[0], zkVersion=10, replicas=[0], offlineReplicas=[]) for partition __consumer_offsets-11 in response to UpdateMetadata request sent by controller 1 epoch 11 with correlation id 2 (state.change.logger)
[2019-11-24 07:41:58,383] TRACE [Broker id=0] Cached leader info PartitionState(controllerEpoch=5, leader=1, leaderEpoch=2, isr=[1], zkVersion=2, replicas=[1], offlineReplicas=[]) for partition __consumer_offsets-44 in response to UpdateMetadata request sent by controller 1 epoch 11 with correlation id 2 (state.change.logger)
[2019-11-24 07:41:58,383] TRACE [Broker id=0] Cached leader info PartitionState(controllerEpoch=5, leader=1, leaderEpoch=2, isr=[1], zkVersion=2, replicas=[1], offlineReplicas=[]) for partition retrievedata-0 in response to UpdateMetadata request sent by controller 1 epoch 11 with correlation id 2 (state.change.logger)
[2019-11-24 07:41:58,383] TRACE [Broker id=0] Cached leader info PartitionState(controllerEpoch=10, leader=0, leaderEpoch=10, isr=[0], zkVersion=10, replicas=[0], offlineReplicas=[]) for partition __consumer_offsets-23 in response to UpdateMetadata request sent by controller 1 epoch 11 with correlation id 2 (state.change.logger)
[2019-11-24 07:41:58,383] TRACE [Broker id=0] Cached leader info PartitionState(controllerEpoch=10, leader=0, leaderEpoch=10, isr=[0], zkVersion=10, replicas=[0], offlineReplicas=[]) for partition __consumer_offsets-19 in response to UpdateMetadata request sent by controller 1 epoch 11 with correlation id 2 (state.change.logger)
[2019-11-24 07:41:58,383] TRACE [Broker id=0] Cached leader info PartitionState(controllerEpoch=5, leader=1, leaderEpoch=2, isr=[1], zkVersion=2, replicas=[1], offlineReplicas=[]) for partition __consumer_offsets-32 in response to UpdateMetadata request sent by controller 1 epoch 11 with correlation id 2 (state.change.logger)
[2019-11-24 07:41:58,383] TRACE [Broker id=0] Cached leader info PartitionState(controllerEpoch=5, leader=1, leaderEpoch=2, isr=[1], zkVersion=2, replicas=[1], offlineReplicas=[]) for partition __consumer_offsets-28 in response to UpdateMetadata request sent by controller 1 epoch 11 with correlation id 2 (state.change.logger)
[2019-11-24 07:41:58,383] TRACE [Broker id=0] Cached leader info PartitionState(controllerEpoch=10, leader=0, leaderEpoch=10, isr=[0], zkVersion=10, replicas=[0], offlineReplicas=[]) for partition __consumer_offsets-7 in response to UpdateMetadata request sent by controller 1 epoch 11 with correlation id 2 (state.change.logger)
[2019-11-24 07:41:58,384] TRACE [Broker id=0] Cached leader info PartitionState(controllerEpoch=5, leader=1, leaderEpoch=2, isr=[1], zkVersion=2, replicas=[1], offlineReplicas=[]) for partition __consumer_offsets-40 in response to UpdateMetadata request sent by controller 1 epoch 11 with correlation id 2 (state.change.logger)
[2019-11-24 07:41:58,384] TRACE [Broker id=0] Cached leader info PartitionState(controllerEpoch=10, leader=0, leaderEpoch=10, isr=[0], zkVersion=10, replicas=[0], offlineReplicas=[]) for partition __consumer_offsets-3 in response to UpdateMetadata request sent by controller 1 epoch 11 with correlation id 2 (state.change.logger)
[2019-11-24 07:41:58,384] TRACE [Broker id=0] Cached leader info PartitionState(controllerEpoch=5, leader=1, leaderEpoch=2, isr=[1], zkVersion=2, replicas=[1], offlineReplicas=[]) for partition __consumer_offsets-36 in response to UpdateMetadata request sent by controller 1 epoch 11 with correlation id 2 (state.change.logger)
[2019-11-24 07:41:58,384] TRACE [Broker id=0] Cached leader info PartitionState(controllerEpoch=10, leader=0, leaderEpoch=10, isr=[0], zkVersion=10, replicas=[0], offlineReplicas=[]) for partition __consumer_offsets-47 in response to UpdateMetadata request sent by controller 1 epoch 11 with correlation id 2 (state.change.logger)
[2019-11-24 07:41:58,384] TRACE [Broker id=0] Cached leader info PartitionState(controllerEpoch=5, leader=1, leaderEpoch=2, isr=[1], zkVersion=2, replicas=[1], offlineReplicas=[]) for partition __consumer_offsets-14 in response to UpdateMetadata request sent by controller 1 epoch 11 with correlation id 2 (state.change.logger)
[2019-11-24 07:41:58,384] TRACE [Broker id=0] Cached leader info PartitionState(controllerEpoch=10, leader=0, leaderEpoch=10, isr=[0], zkVersion=10, replicas=[0], offlineReplicas=[]) for partition __consumer_offsets-43 in response to UpdateMetadata request sent by controller 1 epoch 11 with correlation id 2 (state.change.logger)
[2019-11-24 07:41:58,384] TRACE [Broker id=0] Cached leader info PartitionState(controllerEpoch=5, leader=1, leaderEpoch=2, isr=[1], zkVersion=2, replicas=[1], offlineReplicas=[]) for partition __consumer_offsets-10 in response to UpdateMetadata request sent by controller 1 epoch 11 with correlation id 2 (state.change.logger)
[2019-11-24 07:41:58,384] TRACE [Broker id=0] Cached leader info PartitionState(controllerEpoch=5, leader=1, leaderEpoch=2, isr=[1], zkVersion=2, replicas=[1], offlineReplicas=[]) for partition __consumer_offsets-22 in response to UpdateMetadata request sent by controller 1 epoch 11 with correlation id 2 (state.change.logger)
[2019-11-24 07:41:58,384] TRACE [Broker id=0] Cached leader info PartitionState(controllerEpoch=5, leader=1, leaderEpoch=2, isr=[1], zkVersion=2, replicas=[1], offlineReplicas=[]) for partition __consumer_offsets-18 in response to UpdateMetadata request sent by controller 1 epoch 11 with correlation id 2 (state.change.logger)
[2019-11-24 07:41:58,384] TRACE [Broker id=0] Cached leader info PartitionState(controllerEpoch=10, leader=0, leaderEpoch=10, isr=[0], zkVersion=10, replicas=[0], offlineReplicas=[]) for partition __consumer_offsets-31 in response to UpdateMetadata request sent by controller 1 epoch 11 with correlation id 2 (state.change.logger)
[2019-11-24 07:41:58,384] TRACE [Broker id=0] Cached leader info PartitionState(controllerEpoch=10, leader=0, leaderEpoch=10, isr=[0], zkVersion=10, replicas=[0], offlineReplicas=[]) for partition __consumer_offsets-27 in response to UpdateMetadata request sent by controller 1 epoch 11 with correlation id 2 (state.change.logger)
[2019-11-24 07:41:58,384] TRACE [Broker id=0] Cached leader info PartitionState(controllerEpoch=10, leader=0, leaderEpoch=10, isr=[0], zkVersion=10, replicas=[0], offlineReplicas=[]) for partition __consumer_offsets-39 in response to UpdateMetadata request sent by controller 1 epoch 11 with correlation id 2 (state.change.logger)
[2019-11-24 07:41:58,384] TRACE [Broker id=0] Cached leader info PartitionState(controllerEpoch=5, leader=1, leaderEpoch=2, isr=[1], zkVersion=2, replicas=[1], offlineReplicas=[]) for partition __consumer_offsets-6 in response to UpdateMetadata request sent by controller 1 epoch 11 with correlation id 2 (state.change.logger)
[2019-11-24 07:41:58,384] TRACE [Broker id=0] Cached leader info PartitionState(controllerEpoch=10, leader=0, leaderEpoch=10, isr=[0], zkVersion=10, replicas=[0], offlineReplicas=[]) for partition __consumer_offsets-35 in response to UpdateMetadata request sent by controller 1 epoch 11 with correlation id 2 (state.change.logger)
[2019-11-24 07:41:58,384] TRACE [Broker id=0] Cached leader info PartitionState(controllerEpoch=5, leader=1, leaderEpoch=2, isr=[1], zkVersion=2, replicas=[1], offlineReplicas=[]) for partition __consumer_offsets-2 in response to UpdateMetadata request sent by controller 1 epoch 11 with correlation id 2 (state.change.logger)
